<?xml version="1.0" encoding="UTF-8"?>
<!-- Generated by org.testng.reporters.JUnitXMLReporter -->
<testsuite ignored="0" hostname="Afiqdes" failures="0" tests="4" name="Test" time="187.399" errors="0" timestamp="2024-10-24T09:53:31 IST">
  <testcase classname="test.DB_utility" name="DB_setup" time="3.034"/>
  <testcase classname="test.Excel_Blockcurrentday_Manualcheckincheckout" name="test" time="85.028"/>
  <testcase classname="test.DB_utility" name="DB_setup" time="2.143"/>
  <testcase classname="test.Excel_DisableApprxTime" name="test" time="96.988"/>
</testsuite> <!-- Test -->
