<?xml version="1.0" encoding="UTF-8"?>
<!-- Generated by org.testng.reporters.JUnitXMLReporter -->
<testsuite ignored="0" hostname="Afiqdes" failures="0" tests="4" name="Test" time="252.895" errors="0" timestamp="2024-10-18T10:06:17 IST">
  <testcase classname="test.DB_utility" name="DB_setup" time="3.447"/>
  <testcase classname="test.Excel_Blockcurrentday_Manualcheckincheckout" name="test" time="101.553"/>
  <testcase classname="test.DB_utility" name="DB_setup" time="2.466"/>
  <testcase classname="test.Excel_DisableApprxTime" name="test" time="145.225"/>
</testsuite> <!-- Test -->
