<?xml version="1.0" encoding="UTF-8"?>
<testng-results ignored="0" total="2" passed="1" failed="1" skipped="0">
  <reporter-output>
  </reporter-output>
  <suite started-at="2024-10-14T11:45:31 IST" name="Suite" finished-at="2024-10-14T11:47:08 IST" duration-ms="97120">
    <groups>
    </groups>
    <test started-at="2024-10-14T11:45:31 IST" name="Test" finished-at="2024-10-14T11:47:08 IST" duration-ms="97120">
      <class name="test.Excel_Blockcurrentday_Manualcheckincheckout">
        <test-method is-config="true" signature="setup()[pri:0, instance:test.Excel_Blockcurrentday_Manualcheckincheckout@18518ccf]" started-at="2024-10-14T11:45:31 IST" name="setup" finished-at="2024-10-14T11:45:32 IST" duration-ms="151" status="PASS">
          <reporter-output>
          </reporter-output>
        </test-method> <!-- setup -->
        <test-method signature="DB_setup(java.lang.String,java.lang.String,java.lang.String,java.lang.String,java.lang.String,java.lang.String,java.lang.String)[pri:0, instance:test.Excel_Blockcurrentday_Manualcheckincheckout@18518ccf]" started-at="2024-10-14T11:45:32 IST" name="DB_setup" data-provider="sqlQueries" finished-at="2024-10-14T11:45:35 IST" duration-ms="3333" status="PASS">
          <params>
            <param index="0">
              <value>
                <![CDATA[jdbc:sqlserver://qcvm001.eastus.cloudapp.azure.com:51026;databaseName=AHI_GHB_WHMIS; encrypt=true;trustServerCertificate=true]]>
              </value>
            </param>
            <param index="1">
              <value>
                <![CDATA[sa]]>
              </value>
            </param>
            <param index="2">
              <value>
                <![CDATA[befrank!1]]>
              </value>
            </param>
            <param index="3">
              <value>
                <![CDATA[SELECT distinct cons.cons_usr_id, cons.cons_id, cons.Cons_Name, sp.sp_cd , sp.sp_name FROM  ConsultM AS cons INNER JOIN  ConsultLocationM AS consloc ON cons.Cons_Id = consloc.Cons_Id INNER JOIN  ConsSpecialityM AS conssp ON consloc.LOC_id = conssp.Loc_ID AND consloc.Cons_Id = conssp.Cons_ID INNER JOIN  SpecialityM AS sp ON cons.sp_cd = sp.Sp_Cd WHERE (cons.Cons_IsActive = 1 AND consloc.LOC_id = 1) ]]>
              </value>
            </param>
            <param index="4">
              <value>
                <![CDATA[select Nation_Max_Mob_Len,nation_id,nation_name,nation_country_code from NationM where isnull(Nation_Max_Mob_Len,0)<>0]]>
              </value>
            </param>
            <param index="5">
              <value>
                <![CDATA[Select distinct A.AC_CD,AC_desc,D.Tpm_Cd,H.Tpm_name from ACCTM A Inner join CusClassLocation C on A.Ac_Cd=C.AC_CD Inner Join TestPriceMD D on C.Tpm_Cd= D.Tpm_Cd Inner Join TestPriceMH H on H.Tpm_Cd= D.Tpm_Cd where A.Is_Active=1 and A.Pymt_Mode='C' and C.LOC_id='1' ]]>
              </value>
            </param>
            <param index="6">
              <value>
                <![CDATA[SELECT LocM.Loc_Id, LocM.Loc_Name, CoM.Co_Name FROM LocationM LocM JOIN CompM CoM ON LocM.Co_Cd = CoM.Co_Cd WHERE LocM.IsActive = 1 and LocM.Loc_Id = 1  ORDER BY LocM.Loc_Name ]]>
              </value>
            </param>
          </params>
          <reporter-output>
          </reporter-output>
        </test-method> <!-- DB_setup -->
        <test-method signature="test(java.lang.String,java.lang.String,java.lang.String,java.lang.String,java.lang.String,java.lang.String,java.lang.String,java.lang.String)[pri:0, instance:test.Excel_Blockcurrentday_Manualcheckincheckout@18518ccf]" started-at="2024-10-14T11:45:35 IST" name="test" data-provider="sqlQueries1" finished-at="2024-10-14T11:47:08 IST" duration-ms="93531" status="FAIL">
          <params>
            <param index="0">
              <value>
                <![CDATA[C:\webdriver\chromedriver-win64\chromedriver.exe]]>
              </value>
            </param>
            <param index="1">
              <value>
                <![CDATA[http://qcvm001.eastus.cloudapp.azure.com:88/#/login/AHG]]>
              </value>
            </param>
            <param index="2">
              <value>
                <![CDATA[seleniumuser]]>
              </value>
            </param>
            <param index="3">
              <value>
                <![CDATA[takecare]]>
              </value>
            </param>
            <param index="4">
              <value>
                <![CDATA[http://localhost:96/login]]>
              </value>
            </param>
            <param index="5">
              <value>
                <![CDATA[afi]]>
              </value>
            </param>
            <param index="6">
              <value>
                <![CDATA[takecare]]>
              </value>
            </param>
            <param index="7">
              <value>
                <![CDATA[takecare]]>
              </value>
            </param>
          </params>
          <exception class="org.openqa.selenium.NoSuchElementException">
            <message>
              <![CDATA[no such element: Unable to locate element: {"method":"xpath","selector":"//div[text()='11:50 AM - 12:00 AM']"}
  (Session info: chrome=129.0.6668.100)
For documentation on this error, please visit: https://www.selenium.dev/documentation/webdriver/troubleshooting/errors#no-such-element-exception
Build info: version: '4.25.0', revision: '8a8aea2337'
System info: os.name: 'Windows 11', os.arch: 'amd64', os.version: '10.0', java.version: '21.0.4'
Driver info: org.openqa.selenium.chrome.ChromeDriver
Command: [6dbfa76b8187f47d8e23c8cd32ae893b, findElement {using=xpath, value=//div[text()='11:50 AM - 12:00 AM']}]
Capabilities {acceptInsecureCerts: false, browserName: chrome, browserVersion: 129.0.6668.100, chrome: {chromedriverVersion: 129.0.6668.91 (b00bc8b76d60..., userDataDir: C:\Users\vpm85\AppData\Loca...}, fedcm:accounts: true, goog:chromeOptions: {debuggerAddress: localhost:50334}, networkConnectionEnabled: false, pageLoadStrategy: normal, platformName: windows, proxy: Proxy(), se:cdp: ws://localhost:50334/devtoo..., se:cdpVersion: 129.0.6668.100, setWindowRect: true, strictFileInteractability: false, timeouts: {implicit: 0, pageLoad: 300000, script: 30000}, unhandledPromptBehavior: dismiss and notify, webauthn:extension:credBlob: true, webauthn:extension:largeBlob: true, webauthn:extension:minPinLength: true, webauthn:extension:prf: true, webauthn:virtualAuthenticators: true}
Session ID: 6dbfa76b8187f47d8e23c8cd32ae893b]]>
            </message>
            <full-stacktrace>
              <![CDATA[org.openqa.selenium.NoSuchElementException: no such element: Unable to locate element: {"method":"xpath","selector":"//div[text()='11:50 AM - 12:00 AM']"}
  (Session info: chrome=129.0.6668.100)
For documentation on this error, please visit: https://www.selenium.dev/documentation/webdriver/troubleshooting/errors#no-such-element-exception
Build info: version: '4.25.0', revision: '8a8aea2337'
System info: os.name: 'Windows 11', os.arch: 'amd64', os.version: '10.0', java.version: '21.0.4'
Driver info: org.openqa.selenium.chrome.ChromeDriver
Command: [6dbfa76b8187f47d8e23c8cd32ae893b, findElement {using=xpath, value=//div[text()='11:50 AM - 12:00 AM']}]
Capabilities {acceptInsecureCerts: false, browserName: chrome, browserVersion: 129.0.6668.100, chrome: {chromedriverVersion: 129.0.6668.91 (b00bc8b76d60..., userDataDir: C:\Users\vpm85\AppData\Loca...}, fedcm:accounts: true, goog:chromeOptions: {debuggerAddress: localhost:50334}, networkConnectionEnabled: false, pageLoadStrategy: normal, platformName: windows, proxy: Proxy(), se:cdp: ws://localhost:50334/devtoo..., se:cdpVersion: 129.0.6668.100, setWindowRect: true, strictFileInteractability: false, timeouts: {implicit: 0, pageLoad: 300000, script: 30000}, unhandledPromptBehavior: dismiss and notify, webauthn:extension:credBlob: true, webauthn:extension:largeBlob: true, webauthn:extension:minPinLength: true, webauthn:extension:prf: true, webauthn:virtualAuthenticators: true}
Session ID: 6dbfa76b8187f47d8e23c8cd32ae893b
at java.base/jdk.internal.reflect.DirectConstructorHandleAccessor.newInstance(DirectConstructorHandleAccessor.java:62)
at java.base/java.lang.reflect.Constructor.newInstanceWithCaller(Constructor.java:502)
at java.base/java.lang.reflect.Constructor.newInstance(Constructor.java:486)
at org.openqa.selenium.remote.ErrorCodec.decode(ErrorCodec.java:167)
at org.openqa.selenium.remote.codec.w3c.W3CHttpResponseCodec.decode(W3CHttpResponseCodec.java:138)
at org.openqa.selenium.remote.codec.w3c.W3CHttpResponseCodec.decode(W3CHttpResponseCodec.java:50)
at org.openqa.selenium.remote.HttpCommandExecutor.execute(HttpCommandExecutor.java:190)
at org.openqa.selenium.remote.service.DriverCommandExecutor.invokeExecute(DriverCommandExecutor.java:216)
at org.openqa.selenium.remote.service.DriverCommandExecutor.execute(DriverCommandExecutor.java:174)
at org.openqa.selenium.remote.RemoteWebDriver.execute(RemoteWebDriver.java:545)
at org.openqa.selenium.remote.ElementLocation$ElementFinder$2.findElement(ElementLocation.java:165)
at org.openqa.selenium.remote.ElementLocation.findElement(ElementLocation.java:59)
at org.openqa.selenium.remote.RemoteWebDriver.findElement(RemoteWebDriver.java:368)
at org.openqa.selenium.remote.RemoteWebDriver.findElement(RemoteWebDriver.java:362)
at test.Excel_Blockcurrentday_Manualcheckincheckout.test(Excel_Blockcurrentday_Manualcheckincheckout.java:209)
at java.base/jdk.internal.reflect.DirectMethodHandleAccessor.invoke(DirectMethodHandleAccessor.java:103)
at java.base/java.lang.reflect.Method.invoke(Method.java:580)
at org.testng.internal.invokers.MethodInvocationHelper.invokeMethod(MethodInvocationHelper.java:141)
at org.testng.internal.invokers.TestInvoker.invokeMethod(TestInvoker.java:686)
at org.testng.internal.invokers.TestInvoker.invokeTestMethod(TestInvoker.java:230)
at org.testng.internal.invokers.MethodRunner.runInSequence(MethodRunner.java:63)
at org.testng.internal.invokers.TestInvoker$MethodInvocationAgent.invoke(TestInvoker.java:992)
at org.testng.internal.invokers.TestInvoker.invokeTestMethods(TestInvoker.java:203)
at org.testng.internal.invokers.TestMethodWorker.invokeTestMethods(TestMethodWorker.java:154)
at org.testng.internal.invokers.TestMethodWorker.run(TestMethodWorker.java:134)
at java.base/java.util.ArrayList.forEach(ArrayList.java:1596)
at org.testng.TestRunner.privateRun(TestRunner.java:739)
at org.testng.TestRunner.run(TestRunner.java:614)
at org.testng.SuiteRunner.runTest(SuiteRunner.java:421)
at org.testng.SuiteRunner.runSequentially(SuiteRunner.java:413)
at org.testng.SuiteRunner.privateRun(SuiteRunner.java:373)
at org.testng.SuiteRunner.run(SuiteRunner.java:312)
at org.testng.SuiteRunnerWorker.runSuite(SuiteRunnerWorker.java:52)
at org.testng.SuiteRunnerWorker.run(SuiteRunnerWorker.java:95)
at org.testng.TestNG.runSuitesSequentially(TestNG.java:1274)
at org.testng.TestNG.runSuitesLocally(TestNG.java:1208)
at org.testng.TestNG.runSuites(TestNG.java:1112)
at org.testng.TestNG.run(TestNG.java:1079)
at org.apache.maven.surefire.testng.TestNGExecutor.run(TestNGExecutor.java:308)
at org.apache.maven.surefire.testng.TestNGXmlTestSuite.execute(TestNGXmlTestSuite.java:71)
at org.apache.maven.surefire.testng.TestNGProvider.invoke(TestNGProvider.java:113)
at org.apache.maven.surefire.booter.ForkedBooter.runSuitesInProcess(ForkedBooter.java:385)
at org.apache.maven.surefire.booter.ForkedBooter.execute(ForkedBooter.java:162)
at org.apache.maven.surefire.booter.ForkedBooter.run(ForkedBooter.java:507)
at org.apache.maven.surefire.booter.ForkedBooter.main(ForkedBooter.java:495)
]]>
            </full-stacktrace>
          </exception> <!-- org.openqa.selenium.NoSuchElementException -->
          <reporter-output>
          </reporter-output>
        </test-method> <!-- test -->
      </class> <!-- test.Excel_Blockcurrentday_Manualcheckincheckout -->
    </test> <!-- Test -->
  </suite> <!-- Suite -->
</testng-results>
