<?xml version="1.0" encoding="UTF-8"?>
<!-- Generated by org.testng.reporters.JUnitReportReporter -->
<testsuite hostname="Afiqdes" failures="0" tests="2" name="test.Excel_DisableApprxTime" time="99.131" errors="0" timestamp="2024-10-24T09:53:31 IST" skipped="0">
  <testcase classname="test.Excel_DisableApprxTime" name="DB_setup" time="2.143"/>
  <system-out/>
  <testcase classname="test.Excel_DisableApprxTime" name="test" time="96.988"/>
  <system-out/>
</testsuite> <!-- test.Excel_DisableApprxTime -->
