<?xml version="1.0" encoding="UTF-8"?>
<!-- Generated by org.testng.reporters.JUnitReportReporter -->
<testsuite hostname="Afiqdes" failures="0" tests="2" name="op_bill.EnableBill_dateEditable" time="118.002" errors="0" timestamp="2024-10-23T17:08:04 IST" skipped="0">
  <testcase classname="op_bill.EnableBill_dateEditable" name="DB_setup" time="2.880"/>
  <system-out/>
  <testcase classname="op_bill.EnableBill_dateEditable" name="bill_date" time="115.122"/>
  <system-out/>
</testsuite> <!-- op_bill.EnableBill_dateEditable -->
